<?xml version="1.0" encoding="UTF-8"?>
<!-- Generated by org.testng.reporters.JUnitReportReporter -->
<testsuite hostname="hp021-HP-EliteBook-840-G1" name="clientbased.FirstTest" tests="1" failures="0" timestamp="28 Jun 2022 13:03:42 GMT" time="7.508" errors="0">
  <testcase name="test" time="7.508" classname="clientbased.FirstTest"/>
</testsuite>
